0 info it worked if it ends with ok
1 verbose cli [ 'node', '/usr/local/bin/npm', 'start' ]
2 info using npm@2.10.1
3 info using node@v0.12.4
4 verbose node symlink /usr/local/bin/node
5 verbose run-script [ 'prestart', 'start', 'poststart' ]
6 info prestart ghost@0.6.4
7 info start ghost@0.6.4
8 verbose unsafe-perm in lifecycle true
9 info ghost@0.6.4 Failed to exec start script
10 verbose stack Error: ghost@0.6.4 start: `node index`
10 verbose stack Exit status 1
10 verbose stack     at EventEmitter.<anonymous> (/usr/local/lib/node_modules/npm/lib/utils/lifecycle.js:213:16)
10 verbose stack     at EventEmitter.emit (events.js:110:17)
10 verbose stack     at ChildProcess.<anonymous> (/usr/local/lib/node_modules/npm/lib/utils/spawn.js:24:14)
10 verbose stack     at ChildProcess.emit (events.js:110:17)
10 verbose stack     at maybeClose (child_process.js:1015:16)
10 verbose stack     at Process.ChildProcess._handle.onexit (child_process.js:1087:5)
11 verbose pkgid ghost@0.6.4
12 verbose cwd /Users/stuartchaney1/Sites/boosterapps
13 error Darwin 14.3.0
14 error argv "node" "/usr/local/bin/npm" "start"
15 error node v0.12.4
16 error npm  v2.10.1
17 error code ELIFECYCLE
18 error ghost@0.6.4 start: `node index`
18 error Exit status 1
19 error Failed at the ghost@0.6.4 start script 'node index'.
19 error This is most likely a problem with the ghost package,
19 error not with npm itself.
19 error Tell the author that this fails on your system:
19 error     node index
19 error You can get their info via:
19 error     npm owner ls ghost
19 error There is likely additional logging output above.
20 verbose exit [ 1, true ]
